<?xml version="1.0" encoding="UTF-8"?>
<testng-results ignored="0" total="2" passed="2" failed="0" skipped="0">
  <reporter-output>
  </reporter-output>
  <suite started-at="2018-08-20T21:02:25Z" name="Suite1" finished-at="2018-08-20T21:02:34Z" duration-ms="8773">
    <groups>
    </groups>
    <test started-at="2018-08-20T21:02:25Z" name="WebDriver" finished-at="2018-08-20T21:02:34Z" duration-ms="8773">
      <class name="TestNG.SelAddUser">
        <test-method is-config="true" signature="launch()[pri:0, instance:TestNG.SelAddUser@1f59a598]" started-at="2018-08-20T21:02:26Z" name="launch" finished-at="2018-08-20T21:02:30Z" duration-ms="4139" status="PASS">
          <reporter-output>
          </reporter-output>
        </test-method> <!-- launch -->
        <test-method signature="adduser()[pri:0, instance:TestNG.SelAddUser@1f59a598]" started-at="2018-08-20T21:02:30Z" name="adduser" finished-at="2018-08-20T21:02:31Z" duration-ms="960" status="PASS">
          <reporter-output>
          </reporter-output>
        </test-method> <!-- adduser -->
        <test-method is-config="true" signature="logout()[pri:0, instance:TestNG.SelAddUser@1f59a598]" started-at="2018-08-20T21:02:31Z" name="logout" finished-at="2018-08-20T21:02:31Z" duration-ms="128" status="PASS">
          <reporter-output>
          </reporter-output>
        </test-method> <!-- logout -->
      </class> <!-- TestNG.SelAddUser -->
      <class name="TestNG.SelValidateUser">
        <test-method is-config="true" signature="launch()[pri:0, instance:TestNG.SelValidateUser@1e178745]" started-at="2018-08-20T21:02:31Z" name="launch" finished-at="2018-08-20T21:02:33Z" duration-ms="2588" status="PASS">
          <reporter-output>
          </reporter-output>
        </test-method> <!-- launch -->
        <test-method signature="validateuser()[pri:0, instance:TestNG.SelValidateUser@1e178745]" started-at="2018-08-20T21:02:33Z" name="validateuser" finished-at="2018-08-20T21:02:34Z" duration-ms="819" status="PASS">
          <reporter-output>
          </reporter-output>
        </test-method> <!-- validateuser -->
        <test-method is-config="true" signature="logout()[pri:0, instance:TestNG.SelValidateUser@1e178745]" started-at="2018-08-20T21:02:34Z" name="logout" finished-at="2018-08-20T21:02:34Z" duration-ms="89" status="PASS">
          <reporter-output>
          </reporter-output>
        </test-method> <!-- logout -->
      </class> <!-- TestNG.SelValidateUser -->
    </test> <!-- WebDriver -->
  </suite> <!-- Suite1 -->
</testng-results>
